This is XeTeX, Version 3.14159265-2.6-0.999992 (TeX Live 2020) (preloaded format=xelatex 2021.2.3)  9 FEB 2021 11:56
entering extended mode
 restricted \write18 enabled.
 %&-line parsing enabled.
**Introduction-to-Experimental-Design-and-Analysis.tex
(./Introduction-to-Experimental-Design-and-Analysis.tex
LaTeX2e <2020-10-01> patch level 4
L3 programming layer <2021-02-02> (/Users/apb/Library/TinyTeX/texmf-dist/tex/la
tex/base/book.cls
Document Class: book 2020/04/10 v1.4m Standard LaTeX document class
(/Users/apb/Library/TinyTeX/texmf-dist/tex/latex/base/bk10.clo
File: bk10.clo 2020/04/10 v1.4m Standard LaTeX file (size option)
)
\c@part=\count173
\c@chapter=\count174
\c@section=\count175
\c@subsection=\count176
\c@subsubsection=\count177
\c@paragraph=\count178
\c@subparagraph=\count179
\c@figure=\count180
\c@table=\count181
\abovecaptionskip=\skip47
\belowcaptionskip=\skip48
\bibindent=\dimen138
) (/Users/apb/Library/TinyTeX/texmf-dist/tex/latex/amsmath/amsmath.sty
Package: amsmath 2020/09/23 v2.17i AMS math features
\@mathmargin=\skip49
For additional information on amsmath, use the `?' option.
(/Users/apb/Library/TinyTeX/texmf-dist/tex/latex/amsmath/amstext.sty
Package: amstext 2000/06/29 v2.01 AMS text
(/Users/apb/Library/TinyTeX/texmf-dist/tex/latex/amsmath/amsgen.sty
File: amsgen.sty 1999/11/30 v2.0 generic functions
\@emptytoks=\toks15
\ex@=\dimen139
)) (/Users/apb/Library/TinyTeX/texmf-dist/tex/latex/amsmath/amsbsy.sty
Package: amsbsy 1999/11/29 v1.2d Bold Symbols
\pmbraise@=\dimen140
) (/Users/apb/Library/TinyTeX/texmf-dist/tex/latex/amsmath/amsopn.sty
Package: amsopn 2016/03/08 v2.02 operator names
)
\inf@bad=\count182
LaTeX Info: Redefining \frac on input line 234.
\uproot@=\count183
\leftroot@=\count184
LaTeX Info: Redefining \overline on input line 399.
\classnum@=\count185
\DOTSCASE@=\count186
LaTeX Info: Redefining \ldots on input line 496.
LaTeX Info: Redefining \dots on input line 499.
LaTeX Info: Redefining \cdots on input line 620.
\Mathstrutbox@=\box47
\strutbox@=\box48
\big@size=\dimen141
LaTeX Font Info:    Redeclaring font encoding OML on input line 743.
LaTeX Font Info:    Redeclaring font encoding OMS on input line 744.
\macc@depth=\count187
\c@MaxMatrixCols=\count188
\dotsspace@=\muskip16
\c@parentequation=\count189
\dspbrk@lvl=\count190
\tag@help=\toks16
\row@=\count191
\column@=\count192
\maxfields@=\count193
\andhelp@=\toks17
\eqnshift@=\dimen142
\alignsep@=\dimen143
\tagshift@=\dimen144
\tagwidth@=\dimen145
\totwidth@=\dimen146
\lineht@=\dimen147
\@envbody=\toks18
\multlinegap=\skip50
\multlinetaggap=\skip51
\mathdisplay@stack=\toks19
LaTeX Info: Redefining \[ on input line 2923.
LaTeX Info: Redefining \] on input line 2924.
) (/Users/apb/Library/TinyTeX/texmf-dist/tex/latex/amsfonts/amssymb.sty
Package: amssymb 2013/01/14 v3.01 AMS font symbols
(/Users/apb/Library/TinyTeX/texmf-dist/tex/latex/amsfonts/amsfonts.sty
Package: amsfonts 2013/01/14 v3.01 Basic AMSFonts support
\symAMSa=\mathgroup4
\symAMSb=\mathgroup5
LaTeX Font Info:    Redeclaring math symbol \hbar on input line 98.
LaTeX Font Info:    Overwriting math alphabet `\mathfrak' in version `bold'
(Font)                  U/euf/m/n --> U/euf/b/n on input line 106.
)) (/Users/apb/Library/TinyTeX/texmf-dist/tex/latex/lm/lmodern.sty
Package: lmodern 2009/10/30 v1.6 Latin Modern Fonts
LaTeX Font Info:    Overwriting symbol font `operators' in version `normal'
(Font)                  OT1/cmr/m/n --> OT1/lmr/m/n on input line 22.
LaTeX Font Info:    Overwriting symbol font `letters' in version `normal'
(Font)                  OML/cmm/m/it --> OML/lmm/m/it on input line 23.
LaTeX Font Info:    Overwriting symbol font `symbols' in version `normal'
(Font)                  OMS/cmsy/m/n --> OMS/lmsy/m/n on input line 24.
LaTeX Font Info:    Overwriting symbol font `largesymbols' in version `normal'
(Font)                  OMX/cmex/m/n --> OMX/lmex/m/n on input line 25.
LaTeX Font Info:    Overwriting symbol font `operators' in version `bold'
(Font)                  OT1/cmr/bx/n --> OT1/lmr/bx/n on input line 26.
LaTeX Font Info:    Overwriting symbol font `letters' in version `bold'
(Font)                  OML/cmm/b/it --> OML/lmm/b/it on input line 27.
LaTeX Font Info:    Overwriting symbol font `symbols' in version `bold'
(Font)                  OMS/cmsy/b/n --> OMS/lmsy/b/n on input line 28.
LaTeX Font Info:    Overwriting symbol font `largesymbols' in version `bold'
(Font)                  OMX/cmex/m/n --> OMX/lmex/m/n on input line 29.
LaTeX Font Info:    Overwriting math alphabet `\mathbf' in version `normal'
(Font)                  OT1/cmr/bx/n --> OT1/lmr/bx/n on input line 31.
LaTeX Font Info:    Overwriting math alphabet `\mathsf' in version `normal'
(Font)                  OT1/cmss/m/n --> OT1/lmss/m/n on input line 32.
LaTeX Font Info:    Overwriting math alphabet `\mathit' in version `normal'
(Font)                  OT1/cmr/m/it --> OT1/lmr/m/it on input line 33.
LaTeX Font Info:    Overwriting math alphabet `\mathtt' in version `normal'
(Font)                  OT1/cmtt/m/n --> OT1/lmtt/m/n on input line 34.
LaTeX Font Info:    Overwriting math alphabet `\mathbf' in version `bold'
(Font)                  OT1/cmr/bx/n --> OT1/lmr/bx/n on input line 35.
LaTeX Font Info:    Overwriting math alphabet `\mathsf' in version `bold'
(Font)                  OT1/cmss/bx/n --> OT1/lmss/bx/n on input line 36.
LaTeX Font Info:    Overwriting math alphabet `\mathit' in version `bold'
(Font)                  OT1/cmr/bx/it --> OT1/lmr/bx/it on input line 37.
LaTeX Font Info:    Overwriting math alphabet `\mathtt' in version `bold'
(Font)                  OT1/cmtt/m/n --> OT1/lmtt/m/n on input line 38.
) (/Users/apb/Library/TinyTeX/texmf-dist/tex/generic/iftex/ifxetex.sty
Package: ifxetex 2019/10/25 v0.7 ifxetex legacy package. Use iftex instead.
(/Users/apb/Library/TinyTeX/texmf-dist/tex/generic/iftex/iftex.sty
Package: iftex 2020/03/06 v1.0d TeX engine tests
)) (/Users/apb/Library/TinyTeX/texmf-dist/tex/generic/iftex/ifluatex.sty
Package: ifluatex 2019/10/25 v1.5 ifluatex legacy package. Use iftex instead.
) (/Users/apb/Library/TinyTeX/texmf-dist/tex/latex/unicode-math/unicode-math.st
y (/Users/apb/Library/TinyTeX/texmf-dist/tex/latex/l3kernel/expl3.sty
Package: expl3 2021-02-02 L3 programming layer (loader) 
(/Users/apb/Library/TinyTeX/texmf-dist/tex/latex/l3backend/l3backend-xetex.def
File: l3backend-xetex.def 2020-01-29 L3 backend support: XeTeX
(|extractbb --version)
\c__kernel_sys_dvipdfmx_version_int=\count194
\l__color_backend_stack_int=\count195
\g__graphics_track_int=\count196
\l__pdf_internal_box=\box49
\g__pdf_backend_object_int=\count197
\g__pdf_backend_annotation_int=\count198
\g__pdf_backend_link_int=\count199
))
Package: unicode-math 2020/01/31 v0.8q Unicode maths in XeLaTeX and LuaLaTeX

(/Users/apb/Library/TinyTeX/texmf-dist/tex/latex/unicode-math/unicode-math-xete
x.sty
Package: unicode-math-xetex 2020/01/31 v0.8q Unicode maths in XeLaTeX and LuaLa
TeX
(/Users/apb/Library/TinyTeX/texmf-dist/tex/latex/l3packages/xparse/xparse.sty
(/Users/apb/Library/TinyTeX/texmf-dist/tex/latex/l3packages/xparse/xparse-2020-
10-01.sty
(/Users/apb/Library/TinyTeX/texmf-dist/tex/latex/l3packages/xparse/xparse-gener
ic.tex)))
(/Users/apb/Library/TinyTeX/texmf-dist/tex/latex/l3packages/l3keys2e/l3keys2e.s
ty
Package: l3keys2e 2021-02-02 LaTeX2e option processing using LaTeX3 keys
) (/Users/apb/Library/TinyTeX/texmf-dist/tex/latex/fontspec/fontspec.sty
Package: fontspec 2020/02/21 v2.7i Font selection for XeLaTeX and LuaLaTeX
(/Users/apb/Library/TinyTeX/texmf-dist/tex/latex/fontspec/fontspec-xetex.sty
Package: fontspec-xetex 2020/02/21 v2.7i Font selection for XeLaTeX and LuaLaTe
X
\l__fontspec_script_int=\count266
\l__fontspec_language_int=\count267
\l__fontspec_strnum_int=\count268
\l__fontspec_tmp_int=\count269
\l__fontspec_tmpa_int=\count270
\l__fontspec_tmpb_int=\count271
\l__fontspec_tmpc_int=\count272
\l__fontspec_em_int=\count273
\l__fontspec_emdef_int=\count274
\l__fontspec_strong_int=\count275
\l__fontspec_strongdef_int=\count276
\l__fontspec_tmpa_dim=\dimen148
\l__fontspec_tmpb_dim=\dimen149
\l__fontspec_tmpc_dim=\dimen150
(/Users/apb/Library/TinyTeX/texmf-dist/tex/latex/base/fontenc.sty
Package: fontenc 2020/08/10 v2.0s Standard LaTeX package
) (/Users/apb/Library/TinyTeX/texmf-dist/tex/latex/fontspec/fontspec.cfg))) (/U
sers/apb/Library/TinyTeX/texmf-dist/tex/latex/base/fix-cm.sty
Package: fix-cm 2015/01/14 v1.1t fixes to LaTeX
(/Users/apb/Library/TinyTeX/texmf-dist/tex/latex/base/ts1enc.def
File: ts1enc.def 2001/06/05 v3.0e (jk/car/fm) Standard LaTeX file
LaTeX Font Info:    Redeclaring font encoding TS1 on input line 47.
))
\g__um_fam_int=\count277
\g__um_fonts_used_int=\count278
\l__um_primecount_int=\count279
\g__um_primekern_muskip=\muskip17

(/Users/apb/Library/TinyTeX/texmf-dist/tex/latex/unicode-math/unicode-math-tabl
e.tex))) (/Users/apb/Library/TinyTeX/texmf-dist/tex/latex/xcolor/xcolor.sty
Package: xcolor 2016/05/11 v2.12 LaTeX color extensions (UK)
(/Users/apb/Library/TinyTeX/texmf-dist/tex/latex/graphics-cfg/color.cfg
File: color.cfg 2016/01/02 v1.6 sample color configuration
)
Package xcolor Info: Driver file: xetex.def on input line 225.
(/Users/apb/Library/TinyTeX/texmf-dist/tex/latex/graphics-def/xetex.def
File: xetex.def 2020/08/26 v5.0i Graphics/color driver for xetex
)
Package xcolor Info: Model `cmy' substituted by `cmy0' on input line 1348.
Package xcolor Info: Model `RGB' extended on input line 1364.
Package xcolor Info: Model `HTML' substituted by `rgb' on input line 1366.
Package xcolor Info: Model `Hsb' substituted by `hsb' on input line 1367.
Package xcolor Info: Model `tHsb' substituted by `hsb' on input line 1368.
Package xcolor Info: Model `HSB' substituted by `hsb' on input line 1369.
Package xcolor Info: Model `Gray' substituted by `gray' on input line 1370.
Package xcolor Info: Model `wave' substituted by `hsb' on input line 1371.
) (/Users/apb/Library/TinyTeX/texmf-dist/tex/latex/hyperref/hyperref.sty
Package: hyperref 2020-05-15 v7.00e Hypertext links for LaTeX
(/Users/apb/Library/TinyTeX/texmf-dist/tex/generic/ltxcmds/ltxcmds.sty
Package: ltxcmds 2020-05-10 v1.25 LaTeX kernel commands for general use (HO)
) (/Users/apb/Library/TinyTeX/texmf-dist/tex/generic/pdftexcmds/pdftexcmds.sty
Package: pdftexcmds 2020-06-27 v0.33 Utility functions of pdfTeX for LuaTeX (HO
)
(/Users/apb/Library/TinyTeX/texmf-dist/tex/generic/infwarerr/infwarerr.sty
Package: infwarerr 2019/12/03 v1.5 Providing info/warning/error messages (HO)
)
Package pdftexcmds Info: \pdf@primitive is available.
Package pdftexcmds Info: \pdf@ifprimitive is available.
Package pdftexcmds Info: \pdfdraftmode not found.
) (/Users/apb/Library/TinyTeX/texmf-dist/tex/latex/graphics/keyval.sty
Package: keyval 2014/10/28 v1.15 key=value parser (DPC)
\KV@toks@=\toks20
) (/Users/apb/Library/TinyTeX/texmf-dist/tex/generic/kvsetkeys/kvsetkeys.sty
Package: kvsetkeys 2019/12/15 v1.18 Key value parser (HO)
)
(/Users/apb/Library/TinyTeX/texmf-dist/tex/generic/kvdefinekeys/kvdefinekeys.st
y
Package: kvdefinekeys 2019-12-19 v1.6 Define keys (HO)
) (/Users/apb/Library/TinyTeX/texmf-dist/tex/generic/pdfescape/pdfescape.sty
Package: pdfescape 2019/12/09 v1.15 Implements pdfTeX's escape features (HO)
) (/Users/apb/Library/TinyTeX/texmf-dist/tex/latex/hycolor/hycolor.sty
Package: hycolor 2020-01-27 v1.10 Color options for hyperref/bookmark (HO)
) (/Users/apb/Library/TinyTeX/texmf-dist/tex/latex/letltxmacro/letltxmacro.sty
Package: letltxmacro 2019/12/03 v1.6 Let assignment for LaTeX macros (HO)
) (/Users/apb/Library/TinyTeX/texmf-dist/tex/latex/auxhook/auxhook.sty
Package: auxhook 2019-12-17 v1.6 Hooks for auxiliary files (HO)
) (/Users/apb/Library/TinyTeX/texmf-dist/tex/latex/kvoptions/kvoptions.sty
Package: kvoptions 2020-10-07 v3.14 Key value format for package options (HO)
)
\@linkdim=\dimen151
\Hy@linkcounter=\count280
\Hy@pagecounter=\count281
(/Users/apb/Library/TinyTeX/texmf-dist/tex/latex/hyperref/pd1enc.def
File: pd1enc.def 2020-05-15 v7.00e Hyperref: PDFDocEncoding definition (HO)
) (/Users/apb/Library/TinyTeX/texmf-dist/tex/generic/intcalc/intcalc.sty
Package: intcalc 2019/12/15 v1.3 Expandable calculations with integers (HO)
) (/Users/apb/Library/TinyTeX/texmf-dist/tex/generic/etexcmds/etexcmds.sty
Package: etexcmds 2019/12/15 v1.7 Avoid name clashes with e-TeX commands (HO)
)
\Hy@SavedSpaceFactor=\count282
Package hyperref Info: Option `unicode' set `true' on input line 4338.
(/Users/apb/Library/TinyTeX/texmf-dist/tex/latex/hyperref/puenc.def
File: puenc.def 2020-05-15 v7.00e Hyperref: PDF Unicode definition (HO)
)
Package hyperref Info: Hyper figures OFF on input line 4464.
Package hyperref Info: Link nesting OFF on input line 4469.
Package hyperref Info: Hyper index ON on input line 4472.
Package hyperref Info: Plain pages OFF on input line 4479.
Package hyperref Info: Backreferencing OFF on input line 4484.
Package hyperref Info: Implicit mode ON; LaTeX internals redefined.
Package hyperref Info: Bookmarks ON on input line 4717.
\c@Hy@tempcnt=\count283
(/Users/apb/Library/TinyTeX/texmf-dist/tex/latex/url/url.sty
\Urlmuskip=\muskip18
Package: url 2013/09/16  ver 3.4  Verb mode for urls, etc.
)
LaTeX Info: Redefining \url on input line 5076.
\XeTeXLinkMargin=\dimen152
(/Users/apb/Library/TinyTeX/texmf-dist/tex/generic/bitset/bitset.sty
Package: bitset 2019/12/09 v1.3 Handle bit-vector datatype (HO)
(/Users/apb/Library/TinyTeX/texmf-dist/tex/generic/bigintcalc/bigintcalc.sty
Package: bigintcalc 2019/12/15 v1.5 Expandable calculations on big integers (HO
)
))
\Fld@menulength=\count284
\Field@Width=\dimen153
\Fld@charsize=\dimen154
Package hyperref Info: Hyper figures OFF on input line 6347.
Package hyperref Info: Link nesting OFF on input line 6352.
Package hyperref Info: Hyper index ON on input line 6355.
Package hyperref Info: backreferencing OFF on input line 6362.
Package hyperref Info: Link coloring OFF on input line 6367.
Package hyperref Info: Link coloring with OCG OFF on input line 6372.
Package hyperref Info: PDF/A mode OFF on input line 6377.
LaTeX Info: Redefining \ref on input line 6417.
LaTeX Info: Redefining \pageref on input line 6421.
(/Users/apb/Library/TinyTeX/texmf-dist/tex/latex/base/atbegshi-ltx.sty
Package: atbegshi-ltx 2020/08/17 v1.0a Emulation of the original atbegshi packa
ge
with kernel methods
)
\Hy@abspage=\count285
\c@Item=\count286
\c@Hfootnote=\count287
)
Package hyperref Info: Driver (autodetected): hxetex.
(/Users/apb/Library/TinyTeX/texmf-dist/tex/latex/hyperref/hxetex.def
File: hxetex.def 2020-05-15 v7.00e Hyperref driver for XeTeX
(/Users/apb/Library/TinyTeX/texmf-dist/tex/generic/stringenc/stringenc.sty
Package: stringenc 2019/11/29 v1.12 Convert strings between diff. encodings (HO
)
)
\pdfm@box=\box50
\c@Hy@AnnotLevel=\count288
\HyField@AnnotCount=\count289
\Fld@listcount=\count290
\c@bookmark@seq@number=\count291

(/Users/apb/Library/TinyTeX/texmf-dist/tex/latex/rerunfilecheck/rerunfilecheck.
sty
Package: rerunfilecheck 2019/12/05 v1.9 Rerun checks for auxiliary files (HO)
(/Users/apb/Library/TinyTeX/texmf-dist/tex/latex/base/atveryend-ltx.sty
Package: atveryend-ltx 2020/08/19 v1.0a Emulation of the original atvery packag
e
with kernel methods
)
(/Users/apb/Library/TinyTeX/texmf-dist/tex/generic/uniquecounter/uniquecounter.
sty
Package: uniquecounter 2019/12/15 v1.4 Provide unlimited unique counter (HO)
)
Package uniquecounter Info: New unique counter `rerunfilecheck' on input line 2
86.
)
\Hy@SectionHShift=\skip52
) (/Users/apb/Library/TinyTeX/texmf-dist/tex/latex/fancyvrb/fancyvrb.sty
Package: fancyvrb 2021/01/20 v3.7 verbatim text (tvz,hv)
\FV@CodeLineNo=\count292
\FV@InFile=\read2
\FV@TabBox=\box51
\c@FancyVerbLine=\count293
\FV@StepNumber=\count294
\FV@OutFile=\write3
) (/Users/apb/Library/TinyTeX/texmf-dist/tex/latex/framed/framed.sty
Package: framed 2011/10/22 v 0.96: framed or shaded text with page breaks
\OuterFrameSep=\skip53
\fb@frw=\dimen155
\fb@frh=\dimen156
\FrameRule=\dimen157
\FrameSep=\dimen158
) (/Users/apb/Library/TinyTeX/texmf-dist/tex/latex/tools/longtable.sty
Package: longtable 2020/01/07 v4.13 Multi-page Table package (DPC)
\LTleft=\skip54
\LTright=\skip55
\LTpre=\skip56
\LTpost=\skip57
\LTchunksize=\count295
\LTcapwidth=\dimen159
\LT@head=\box52
\LT@firsthead=\box53
\LT@foot=\box54
\LT@lastfoot=\box55
\LT@cols=\count296
\LT@rows=\count297
\c@LT@tables=\count298
\c@LT@chunks=\count299
\LT@p@ftn=\toks21
) (/Users/apb/Library/TinyTeX/texmf-dist/tex/latex/booktabs/booktabs.sty
Package: booktabs 2020/01/12 v1.61803398 Publication quality tables
\heavyrulewidth=\dimen160
\lightrulewidth=\dimen161
\cmidrulewidth=\dimen162
\belowrulesep=\dimen163
\belowbottomsep=\dimen164
\aboverulesep=\dimen165
\abovetopsep=\dimen166
\cmidrulesep=\dimen167
\cmidrulekern=\dimen168
\defaultaddspace=\dimen169
\@cmidla=\count300
\@cmidlb=\count301
\@aboverulesep=\dimen170
\@belowrulesep=\dimen171
\@thisruleclass=\count302
\@lastruleclass=\count303
\@thisrulewidth=\dimen172
) (/Users/apb/Library/TinyTeX/texmf-dist/tex/latex/tools/array.sty
Package: array 2020/10/01 v2.5c Tabular extension package (FMi)
\col@sep=\dimen173
\ar@mcellbox=\box56
\extrarowheight=\dimen174
\NC@list=\toks22
\extratabsurround=\skip58
\backup@length=\skip59
\ar@cellbox=\box57
) (/Users/apb/Library/TinyTeX/texmf-dist/tex/latex/tools/calc.sty
Package: calc 2017/05/25 v4.3 Infix arithmetic (KKT,FJ)
\calc@Acount=\count304
\calc@Bcount=\count305
\calc@Adimen=\dimen175
\calc@Bdimen=\dimen176
\calc@Askip=\skip60
\calc@Bskip=\skip61
LaTeX Info: Redefining \setlength on input line 80.
LaTeX Info: Redefining \addtolength on input line 81.
\calc@Ccount=\count306
\calc@Cskip=\skip62
) (/Users/apb/Library/TinyTeX/texmf-dist/tex/latex/etoolbox/etoolbox.sty
Package: etoolbox 2020/10/05 v2.5k e-TeX tools for LaTeX (JAW)
\etb@tempcnta=\count307
) (/Users/apb/Library/TinyTeX/texmf-dist/tex/latex/mdwtools/footnote.sty
Package: footnote 1997/01/28 1.13 Save footnotes around boxes
\fn@notes=\box58
\fn@width=\dimen177
) (/Users/apb/Library/TinyTeX/texmf-dist/tex/latex/graphics/graphicx.sty
Package: graphicx 2020/09/09 v1.2b Enhanced LaTeX Graphics (DPC,SPQR)
(/Users/apb/Library/TinyTeX/texmf-dist/tex/latex/graphics/graphics.sty
Package: graphics 2020/08/30 v1.4c Standard LaTeX Graphics (DPC,SPQR)
(/Users/apb/Library/TinyTeX/texmf-dist/tex/latex/graphics/trig.sty
Package: trig 2016/01/03 v1.10 sin cos tan (DPC)
) (/Users/apb/Library/TinyTeX/texmf-dist/tex/latex/graphics-cfg/graphics.cfg
File: graphics.cfg 2016/06/04 v1.11 sample graphics configuration
)
Package graphics Info: Driver file: xetex.def on input line 105.
)
\Gin@req@height=\dimen178
\Gin@req@width=\dimen179
) (/Users/apb/Library/TinyTeX/texmf-dist/tex/latex/amscls/amsthm.sty
Package: amsthm 2020/05/29 v2.20.6
\thm@style=\toks23
\thm@bodyfont=\toks24
\thm@headfont=\toks25
\thm@notefont=\toks26
\thm@headpunct=\toks27
\thm@preskip=\skip63
\thm@postskip=\skip64
\thm@headsep=\skip65
\dth@everypar=\toks28
) (/Users/apb/Library/TinyTeX/texmf-dist/tex/latex/natbib/natbib.sty
Package: natbib 2010/09/13 8.31b (PWD, AO)
\bibhang=\skip66
\bibsep=\skip67
LaTeX Info: Redefining \cite on input line 694.
\c@NAT@ctr=\count308
) (./Introduction-to-Experimental-Design-and-Analysis.aux)
\openout1 = `Introduction-to-Experimental-Design-and-Analysis.aux'.

LaTeX Font Info:    Checking defaults for OML/cmm/m/it on input line 129.
LaTeX Font Info:    ... okay on input line 129.
LaTeX Font Info:    Checking defaults for OMS/cmsy/m/n on input line 129.
LaTeX Font Info:    ... okay on input line 129.
LaTeX Font Info:    Checking defaults for OT1/cmr/m/n on input line 129.
LaTeX Font Info:    ... okay on input line 129.
LaTeX Font Info:    Checking defaults for T1/cmr/m/n on input line 129.
LaTeX Font Info:    ... okay on input line 129.
LaTeX Font Info:    Checking defaults for TS1/cmr/m/n on input line 129.
LaTeX Font Info:    ... okay on input line 129.
LaTeX Font Info:    Checking defaults for TU/lmr/m/n on input line 129.
LaTeX Font Info:    ... okay on input line 129.
LaTeX Font Info:    Checking defaults for OMX/cmex/m/n on input line 129.
LaTeX Font Info:    ... okay on input line 129.
LaTeX Font Info:    Checking defaults for U/cmr/m/n on input line 129.
LaTeX Font Info:    ... okay on input line 129.
LaTeX Font Info:    Checking defaults for PD1/pdf/m/n on input line 129.
LaTeX Font Info:    ... okay on input line 129.
LaTeX Font Info:    Checking defaults for PU/pdf/m/n on input line 129.
LaTeX Font Info:    ... okay on input line 129.
LaTeX Font Info:    Overwriting math alphabet `\mathrm' in version `normal'
(Font)                  OT1/lmr/m/n --> TU/lmr/m/n on input line 129.
LaTeX Font Info:    Overwriting math alphabet `\mathit' in version `normal'
(Font)                  OT1/lmr/m/it --> TU/lmr/m/it on input line 129.
LaTeX Font Info:    Overwriting math alphabet `\mathbf' in version `normal'
(Font)                  OT1/lmr/bx/n --> TU/lmr/bx/n on input line 129.
LaTeX Font Info:    Overwriting math alphabet `\mathsf' in version `normal'
(Font)                  OT1/lmss/m/n --> TU/lmss/m/n on input line 129.
LaTeX Font Info:    Overwriting math alphabet `\mathsf' in version `bold'
(Font)                  OT1/lmss/bx/n --> TU/lmss/bx/n on input line 129.
LaTeX Font Info:    Overwriting math alphabet `\mathtt' in version `normal'
(Font)                  OT1/lmtt/m/n --> TU/lmtt/m/n on input line 129.
LaTeX Font Info:    Overwriting math alphabet `\mathtt' in version `bold'
(Font)                  OT1/lmtt/m/n --> TU/lmtt/bx/n on input line 129.

Package fontspec Info: latinmodern-math scale = 0.9999964596882403.


Package fontspec Info: latinmodern-math scale = 0.9999964596882403.


Package fontspec Info: latinmodern-math scale = 0.9999964596882403.


Package fontspec Info: Font family 'latinmodern-math.otf(0)' created for font
(fontspec)             'latinmodern-math.otf' with options
(fontspec)             [Scale=MatchLowercase,BoldItalicFont={},ItalicFont={},Sm
allCapsFont={},Script=Math,BoldFont={latinmodern-math.otf}].
(fontspec)              
(fontspec)              This font family consists of the following NFSS
(fontspec)             series/shapes:
(fontspec)              
(fontspec)             - 'normal' (m/n) with NFSS spec.:
(fontspec)             <->s*[0.9999964596882403]"[latinmodern-math.otf]/OT:scri
pt=math;language=dflt;"
(fontspec)             - 'small caps'  (m/sc) with NFSS spec.: 
(fontspec)             - 'bold' (b/n) with NFSS spec.:
(fontspec)             <->s*[0.9999964596882403]"[latinmodern-math.otf]/OT:scri
pt=math;language=dflt;"
(fontspec)             - 'bold small caps'  (b/sc) with NFSS spec.: 

LaTeX Font Info:    Font shape `TU/latinmodern-math.otf(0)/m/n' will be
(Font)              scaled to size 10.0pt on input line 129.

Package fontspec Info: latinmodern-math scale = 0.9999964596882403.


Package fontspec Info: latinmodern-math scale = 0.9999964596882403.


Package fontspec Info: latinmodern-math scale = 0.9999964596882403.


Package fontspec Info: latinmodern-math scale = 0.9999964596882403.


Package fontspec Info: latinmodern-math scale = 0.9999964596882403.


Package fontspec Info: Font family 'latinmodern-math.otf(1)' created for font
(fontspec)             'latinmodern-math.otf' with options
(fontspec)             [Scale=MatchLowercase,BoldItalicFont={},ItalicFont={},Sm
allCapsFont={},Script=Math,SizeFeatures={{Size=8.5-},{Size=6-8.5,Font=latinmode
rn-math.otf,Style=MathScript},{Size=-6,Font=latinmodern-math.otf,Style=MathScri
ptScript}},BoldFont={latinmodern-math.otf}].
(fontspec)              
(fontspec)              This font family consists of the following NFSS
(fontspec)             series/shapes:
(fontspec)              
(fontspec)             - 'normal' (m/n) with NFSS spec.:
(fontspec)             <8.5->s*[0.9999964596882403]"[latinmodern-math.otf]/OT:s
cript=math;language=dflt;"<6-8.5>s*[0.9999964596882403]"[latinmodern-math.otf]/
OT:script=math;language=dflt;+ssty=0;"<-6>s*[0.9999964596882403]"[latinmodern-m
ath.otf]/OT:script=math;language=dflt;+ssty=1;"
(fontspec)             - 'small caps'  (m/sc) with NFSS spec.: 
(fontspec)             - 'bold' (b/n) with NFSS spec.:
(fontspec)             <->s*[0.9999964596882403]"[latinmodern-math.otf]/OT:scri
pt=math;language=dflt;"
(fontspec)             - 'bold small caps'  (b/sc) with NFSS spec.: 

LaTeX Font Info:    Font shape `TU/latinmodern-math.otf(1)/m/n' will be
(Font)              scaled to size 10.0pt on input line 129.
LaTeX Font Info:    Encoding `OT1' has changed to `TU' for symbol font
(Font)              `operators' in the math version `normal' on input line 129.

LaTeX Font Info:    Overwriting symbol font `operators' in version `normal'
(Font)                  OT1/lmr/m/n --> TU/latinmodern-math.otf(1)/m/n on input
 line 129.
LaTeX Font Info:    Encoding `OT1' has changed to `TU' for symbol font
(Font)              `operators' in the math version `bold' on input line 129.
LaTeX Font Info:    Overwriting symbol font `operators' in version `bold'
(Font)                  OT1/lmr/bx/n --> TU/latinmodern-math.otf(1)/b/n on inpu
t line 129.

Package fontspec Info: latinmodern-math scale = 0.9999964596882403.


Package fontspec Info: latinmodern-math scale = 1.000096459334209.


Package fontspec Info: latinmodern-math scale = 0.9999964596882403.


Package fontspec Info: latinmodern-math scale = 1.000096459334209.


Package fontspec Info: latinmodern-math scale = 0.9999964596882403.


Package fontspec Info: latinmodern-math scale = 1.000096459334209.


Package fontspec Info: latinmodern-math scale = 0.9999964596882403.


Package fontspec Info: latinmodern-math scale = 1.000096459334209.


Package fontspec Info: latinmodern-math scale = 0.9999964596882403.


Package fontspec Info: latinmodern-math scale = 1.000096459334209.


Package fontspec Info: Font family 'latinmodern-math.otf(2)' created for font
(fontspec)             'latinmodern-math.otf' with options
(fontspec)             [Scale=MatchLowercase,BoldItalicFont={},ItalicFont={},Sm
allCapsFont={},Script=Math,SizeFeatures={{Size=8.5-},{Size=6-8.5,Font=latinmode
rn-math.otf,Style=MathScript},{Size=-6,Font=latinmodern-math.otf,Style=MathScri
ptScript}},BoldFont={latinmodern-math.otf},ScaleAgain=1.0001,FontAdjustment={\f
ontdimen
(fontspec)             8\font =6.77pt\relax \fontdimen 9\font =3.94pt\relax
(fontspec)             \fontdimen 10\font =4.44pt\relax \fontdimen 11\font
(fontspec)             =6.86pt\relax \fontdimen 12\font =3.45pt\relax
(fontspec)             \fontdimen 13\font =3.63pt\relax \fontdimen 14\font
(fontspec)             =3.63pt\relax \fontdimen 15\font =2.89pt\relax
(fontspec)             \fontdimen 16\font =2.47pt\relax \fontdimen 17\font
(fontspec)             =2.47pt\relax \fontdimen 18\font =2.5pt\relax
(fontspec)             \fontdimen 19\font =2.0pt\relax \fontdimen 22\font
(fontspec)             =2.5pt\relax \fontdimen 20\font =0pt\relax \fontdimen
(fontspec)             21\font =0pt\relax }].
(fontspec)              
(fontspec)              This font family consists of the following NFSS
(fontspec)             series/shapes:
(fontspec)              
(fontspec)             - 'normal' (m/n) with NFSS spec.:
(fontspec)             <8.5->s*[1.000096459334209]"[latinmodern-math.otf]/OT:sc
ript=math;language=dflt;"<6-8.5>s*[1.000096459334209]"[latinmodern-math.otf]/OT
:script=math;language=dflt;+ssty=0;"<-6>s*[1.000096459334209]"[latinmodern-math
.otf]/OT:script=math;language=dflt;+ssty=1;"
(fontspec)             - 'small caps'  (m/sc) with NFSS spec.: 
(fontspec)             and font adjustment code:
(fontspec)             \fontdimen 8\font =6.77pt\relax \fontdimen 9\font
(fontspec)             =3.94pt\relax \fontdimen 10\font =4.44pt\relax
(fontspec)             \fontdimen 11\font =6.86pt\relax \fontdimen 12\font
(fontspec)             =3.45pt\relax \fontdimen 13\font =3.63pt\relax
(fontspec)             \fontdimen 14\font =3.63pt\relax \fontdimen 15\font
(fontspec)             =2.89pt\relax \fontdimen 16\font =2.47pt\relax
(fontspec)             \fontdimen 17\font =2.47pt\relax \fontdimen 18\font
(fontspec)             =2.5pt\relax \fontdimen 19\font =2.0pt\relax \fontdimen
(fontspec)             22\font =2.5pt\relax \fontdimen 20\font =0pt\relax
(fontspec)             \fontdimen 21\font =0pt\relax 
(fontspec)             - 'bold' (b/n) with NFSS spec.:
(fontspec)             <->s*[1.000096459334209]"[latinmodern-math.otf]/OT:scrip
t=math;language=dflt;"
(fontspec)             - 'bold small caps'  (b/sc) with NFSS spec.: 
(fontspec)             and font adjustment code:
(fontspec)             \fontdimen 8\font =6.77pt\relax \fontdimen 9\font
(fontspec)             =3.94pt\relax \fontdimen 10\font =4.44pt\relax
(fontspec)             \fontdimen 11\font =6.86pt\relax \fontdimen 12\font
(fontspec)             =3.45pt\relax \fontdimen 13\font =3.63pt\relax
(fontspec)             \fontdimen 14\font =3.63pt\relax \fontdimen 15\font
(fontspec)             =2.89pt\relax \fontdimen 16\font =2.47pt\relax
(fontspec)             \fontdimen 17\font =2.47pt\relax \fontdimen 18\font
(fontspec)             =2.5pt\relax \fontdimen 19\font =2.0pt\relax \fontdimen
(fontspec)             22\font =2.5pt\relax \fontdimen 20\font =0pt\relax
(fontspec)             \fontdimen 21\font =0pt\relax 

LaTeX Font Info:    Encoding `OMS' has changed to `TU' for symbol font
(Font)              `symbols' in the math version `normal' on input line 129.
LaTeX Font Info:    Overwriting symbol font `symbols' in version `normal'
(Font)                  OMS/lmsy/m/n --> TU/latinmodern-math.otf(2)/m/n on inpu
t line 129.
LaTeX Font Info:    Encoding `OMS' has changed to `TU' for symbol font
(Font)              `symbols' in the math version `bold' on input line 129.
LaTeX Font Info:    Overwriting symbol font `symbols' in version `bold'
(Font)                  OMS/lmsy/b/n --> TU/latinmodern-math.otf(2)/b/n on inpu
t line 129.

Package fontspec Info: latinmodern-math scale = 0.9999964596882403.


Package fontspec Info: latinmodern-math scale = 0.9998964600422715.


Package fontspec Info: latinmodern-math scale = 0.9999964596882403.


Package fontspec Info: latinmodern-math scale = 0.9998964600422715.


Package fontspec Info: latinmodern-math scale = 0.9999964596882403.


Package fontspec Info: latinmodern-math scale = 0.9998964600422715.


Package fontspec Info: latinmodern-math scale = 0.9999964596882403.


Package fontspec Info: latinmodern-math scale = 0.9998964600422715.


Package fontspec Info: latinmodern-math scale = 0.9999964596882403.


Package fontspec Info: latinmodern-math scale = 0.9998964600422715.


Package fontspec Info: Font family 'latinmodern-math.otf(3)' created for font
(fontspec)             'latinmodern-math.otf' with options
(fontspec)             [Scale=MatchLowercase,BoldItalicFont={},ItalicFont={},Sm
allCapsFont={},Script=Math,SizeFeatures={{Size=8.5-},{Size=6-8.5,Font=latinmode
rn-math.otf,Style=MathScript},{Size=-6,Font=latinmodern-math.otf,Style=MathScri
ptScript}},BoldFont={latinmodern-math.otf},ScaleAgain=0.9999,FontAdjustment={\f
ontdimen
(fontspec)             8\font =0.4pt\relax \fontdimen 9\font =2.0pt\relax
(fontspec)             \fontdimen 10\font =1.67pt\relax \fontdimen 11\font
(fontspec)             =1.11pt\relax \fontdimen 12\font =6.0pt\relax
(fontspec)             \fontdimen 13\font =0pt\relax }].
(fontspec)              
(fontspec)              This font family consists of the following NFSS
(fontspec)             series/shapes:
(fontspec)              
(fontspec)             - 'normal' (m/n) with NFSS spec.:
(fontspec)             <8.5->s*[0.9998964600422715]"[latinmodern-math.otf]/OT:s
cript=math;language=dflt;"<6-8.5>s*[0.9998964600422715]"[latinmodern-math.otf]/
OT:script=math;language=dflt;+ssty=0;"<-6>s*[0.9998964600422715]"[latinmodern-m
ath.otf]/OT:script=math;language=dflt;+ssty=1;"
(fontspec)             - 'small caps'  (m/sc) with NFSS spec.: 
(fontspec)             and font adjustment code:
(fontspec)             \fontdimen 8\font =0.4pt\relax \fontdimen 9\font
(fontspec)             =2.0pt\relax \fontdimen 10\font =1.67pt\relax
(fontspec)             \fontdimen 11\font =1.11pt\relax \fontdimen 12\font
(fontspec)             =6.0pt\relax \fontdimen 13\font =0pt\relax 
(fontspec)             - 'bold' (b/n) with NFSS spec.:
(fontspec)             <->s*[0.9998964600422715]"[latinmodern-math.otf]/OT:scri
pt=math;language=dflt;"
(fontspec)             - 'bold small caps'  (b/sc) with NFSS spec.: 
(fontspec)             and font adjustment code:
(fontspec)             \fontdimen 8\font =0.4pt\relax \fontdimen 9\font
(fontspec)             =2.0pt\relax \fontdimen 10\font =1.67pt\relax
(fontspec)             \fontdimen 11\font =1.11pt\relax \fontdimen 12\font
(fontspec)             =6.0pt\relax \fontdimen 13\font =0pt\relax 

LaTeX Font Info:    Encoding `OMX' has changed to `TU' for symbol font
(Font)              `largesymbols' in the math version `normal' on input line 1
29.
LaTeX Font Info:    Overwriting symbol font `largesymbols' in version `normal'
(Font)                  OMX/lmex/m/n --> TU/latinmodern-math.otf(3)/m/n on inpu
t line 129.
LaTeX Font Info:    Encoding `OMX' has changed to `TU' for symbol font
(Font)              `largesymbols' in the math version `bold' on input line 129
.
LaTeX Font Info:    Overwriting symbol font `largesymbols' in version `bold'
(Font)                  OMX/lmex/m/n --> TU/latinmodern-math.otf(3)/b/n on inpu
t line 129.
Package hyperref Info: Link coloring OFF on input line 129.
(/Users/apb/Library/TinyTeX/texmf-dist/tex/latex/hyperref/nameref.sty
Package: nameref 2019/09/16 v2.46 Cross-referencing by name of section
(/Users/apb/Library/TinyTeX/texmf-dist/tex/latex/refcount/refcount.sty
Package: refcount 2019/12/15 v3.6 Data extraction from label references (HO)
)
(/Users/apb/Library/TinyTeX/texmf-dist/tex/generic/gettitlestring/gettitlestrin
g.sty
Package: gettitlestring 2019/12/15 v1.6 Cleanup title references (HO)
)
\c@section@level=\count309
)
LaTeX Info: Redefining \ref on input line 129.
LaTeX Info: Redefining \pageref on input line 129.
LaTeX Info: Redefining \nameref on input line 129.
(./Introduction-to-Experimental-Design-and-Analysis.out) (./Introduction-to-Exp
erimental-Design-and-Analysis.out)
\@outlinefile=\write4
\openout4 = `Introduction-to-Experimental-Design-and-Analysis.out'.

LaTeX Font Info:    Font shape `TU/latinmodern-math.otf(1)/m/n' will be
(Font)              scaled to size 12.0pt on input line 131.
LaTeX Font Info:    Font shape `TU/latinmodern-math.otf(1)/m/n' will be
(Font)              scaled to size 8.0pt on input line 131.
LaTeX Font Info:    Font shape `TU/latinmodern-math.otf(1)/m/n' will be
(Font)              scaled to size 6.0pt on input line 131.
LaTeX Font Info:    Trying to load font information for OML+lmm on input line 1
31.
(/Users/apb/Library/TinyTeX/texmf-dist/tex/latex/lm/omllmm.fd
File: omllmm.fd 2009/10/30 v1.6 Font defs for Latin Modern
)
LaTeX Font Info:    Font shape `TU/latinmodern-math.otf(2)/m/n' will be
(Font)              scaled to size 12.0011pt on input line 131.
LaTeX Font Info:    Font shape `TU/latinmodern-math.otf(2)/m/n' will be
(Font)              scaled to size 8.00073pt on input line 131.
LaTeX Font Info:    Font shape `TU/latinmodern-math.otf(2)/m/n' will be
(Font)              scaled to size 6.00055pt on input line 131.
LaTeX Font Info:    Font shape `TU/latinmodern-math.otf(3)/m/n' will be
(Font)              scaled to size 11.99872pt on input line 131.
LaTeX Font Info:    Font shape `TU/latinmodern-math.otf(3)/m/n' will be
(Font)              scaled to size 7.99915pt on input line 131.
LaTeX Font Info:    Font shape `TU/latinmodern-math.otf(3)/m/n' will be
(Font)              scaled to size 5.99936pt on input line 131.
LaTeX Font Info:    Trying to load font information for U+msa on input line 131
.
(/Users/apb/Library/TinyTeX/texmf-dist/tex/latex/amsfonts/umsa.fd
File: umsa.fd 2013/01/14 v3.01 AMS symbols A
)
LaTeX Font Info:    Trying to load font information for U+msb on input line 131
.
(/Users/apb/Library/TinyTeX/texmf-dist/tex/latex/amsfonts/umsb.fd
File: umsb.fd 2013/01/14 v3.01 AMS symbols B
)
Overfull \hbox (111.5161pt too wide) in paragraph at lines 131--131
 [][] 
 []

[1


] [2

] (./Introduction-to-Experimental-Design-and-Analysis.toc
LaTeX Font Info:    Font shape `TU/latinmodern-math.otf(1)/m/n' will be
(Font)              scaled to size 7.0pt on input line 7.
LaTeX Font Info:    Font shape `TU/latinmodern-math.otf(1)/m/n' will be
(Font)              scaled to size 5.0pt on input line 7.
LaTeX Font Info:    Font shape `TU/latinmodern-math.otf(2)/m/n' will be
(Font)              scaled to size 10.00092pt on input line 7.
LaTeX Font Info:    Font shape `TU/latinmodern-math.otf(2)/m/n' will be
(Font)              scaled to size 7.00064pt on input line 7.
LaTeX Font Info:    Font shape `TU/latinmodern-math.otf(2)/m/n' will be
(Font)              scaled to size 5.00046pt on input line 7.
LaTeX Font Info:    Font shape `TU/latinmodern-math.otf(3)/m/n' will be
(Font)              scaled to size 9.99893pt on input line 7.
LaTeX Font Info:    Font shape `TU/latinmodern-math.otf(3)/m/n' will be
(Font)              scaled to size 6.99925pt on input line 7.
LaTeX Font Info:    Font shape `TU/latinmodern-math.otf(3)/m/n' will be
(Font)              scaled to size 4.99947pt on input line 7.
[3])
\tf@toc=\write5
\openout5 = `Introduction-to-Experimental-Design-and-Analysis.toc'.

[4]
Chapter 1.
[5

] [6]
Underfull \hbox (badness 10000) in paragraph at lines 219--221

 []

File: Introduction-to-Experimental-Design-and-Analysis_files/figure-latex/unnam
ed-chunk-2-1.pdf Graphic file (type pdf)
<use Introduction-to-Experimental-Design-and-Analysis_files/figure-latex/unname
d-chunk-2-1.pdf>
[7] [8] [9] [10

]
Chapter 2.
File: images/IceCream_Shark.png Graphic file (type bmp)
<images/IceCream_Shark.png>
File: images/Autism_Organic.png Graphic file (type bmp)
<images/Autism_Organic.png>

Overfull \hbox (247.47931pt too wide) in paragraph at lines 323--325
[][] [] 
 []


Underfull \vbox (badness 10000) has occurred while \output is active []

[11]
Underfull \vbox (badness 10000) has occurred while \output is active []


Overfull \hbox (16.60564pt too wide) has occurred while \output is active
\TU/lmr/m/n/10 12 \TU/lmr/m/sl/10 CHAPTER 2.  INTRODUCTION TO EXPERIMENTS (SOME
 PHILOSOPHY)
 []

[12]
Overfull \hbox (65.77234pt too wide) has occurred while \output is active
\TU/lmr/m/sl/10 2.1.  HOW TO THINK ABOUT EXPERIMENTS: COMPONENTS OF AN EXPERIME
NT \TU/lmr/m/n/10 13
 []

[13]
Overfull \hbox (16.60564pt too wide) has occurred while \output is active
\TU/lmr/m/n/10 14 \TU/lmr/m/sl/10 CHAPTER 2.  INTRODUCTION TO EXPERIMENTS (SOME
 PHILOSOPHY)
 []

[14]
Missing character: There is no ￼ in font [lmroman10-regular]:mapping=tex-text;!
[15]
Overfull \hbox (16.60564pt too wide) has occurred while \output is active
\TU/lmr/m/n/10 16 \TU/lmr/m/sl/10 CHAPTER 2.  INTRODUCTION TO EXPERIMENTS (SOME
 PHILOSOPHY)
 []

[16] [17]
Overfull \hbox (16.60564pt too wide) has occurred while \output is active
\TU/lmr/m/n/10 18 \TU/lmr/m/sl/10 CHAPTER 2.  INTRODUCTION TO EXPERIMENTS (SOME
 PHILOSOPHY)
 []

[18

]
Chapter 3.
File: images/Standard_Error.png Graphic file (type bmp)
<images/Standard_Error.png>

Overfull \hbox (609.76399pt too wide) in paragraph at lines 511--512
[][] 
 []


Underfull \vbox (badness 10000) has occurred while \output is active []

[19] [20]
File: images/SE2.png Graphic file (type bmp)
<images/SE2.png>

Overfull \hbox (633.72725pt too wide) in paragraph at lines 520--521
[][] 
 []


Underfull \vbox (badness 10000) has occurred while \output is active []

[21] [22] [23] [24

]
Chapter 4.
File: images/ArcticPlants.png Graphic file (type bmp)
<images/ArcticPlants.png>

Underfull \vbox (badness 10000) has occurred while \output is active []

[25] [26] [27] [28] [29] [30

]
Chapter 5.
[31] [32]
Overfull \hbox (75.0pt too wide) in paragraph at lines 790--790
[]\TU/lmtt/m/n/10 ##   [1] 25.56702 23.32992 23.39985 21.54529 20.96267 22.3431
4 24.19572 15.45247[] 
 []


Overfull \hbox (75.0pt too wide) in paragraph at lines 790--790
[]\TU/lmtt/m/n/10 ##   [9] 28.25849 28.09586 25.03735 26.36961 20.44643 16.3018
6 25.99108 29.62076[] 
 []


Overfull \hbox (75.0pt too wide) in paragraph at lines 790--790
[]\TU/lmtt/m/n/10 ##  [17] 24.05645 22.01011 25.48992 29.60826 25.83590 23.7799
5 21.06598 21.85137[] 
 []


Overfull \hbox (75.0pt too wide) in paragraph at lines 790--790
[]\TU/lmtt/m/n/10 ##  [25] 19.10903 20.54631 21.71607 24.78175 15.84089 24.5650
0 26.21161 19.96028[] 
 []


Overfull \hbox (75.0pt too wide) in paragraph at lines 790--790
[]\TU/lmtt/m/n/10 ##  [33] 16.21851 24.50682 17.80657 23.74981 30.64518 24.9052
2 27.33204 18.15174[] 
 []


Overfull \hbox (75.0pt too wide) in paragraph at lines 790--790
[]\TU/lmtt/m/n/10 ##  [41] 13.41104 27.87253 19.64131 22.48390 25.17527 15.4103
7 16.58438 15.85613[] 
 []


Overfull \hbox (75.0pt too wide) in paragraph at lines 790--790
[]\TU/lmtt/m/n/10 ##  [49] 20.56557 20.75066 19.84848 19.97868 22.47068 25.1175
9 25.55048 24.92058[] 
 []


Overfull \hbox (75.0pt too wide) in paragraph at lines 790--790
[]\TU/lmtt/m/n/10 ##  [57] 18.45873 22.02616 23.09377 15.56172 26.78291 18.2002
4 21.20411 25.58635[] 
 []


Overfull \hbox (75.0pt too wide) in paragraph at lines 790--790
[]\TU/lmtt/m/n/10 ##  [65] 25.67710 26.29930 22.20238 20.63010 30.71839 18.3710
4 29.64641 14.20080[] 
 []


Overfull \hbox (75.0pt too wide) in paragraph at lines 790--790
[]\TU/lmtt/m/n/10 ##  [73] 30.80997 22.67665 29.92778 20.63348 21.45997 20.3232
8 25.25901 18.08680[] 
 []


Overfull \hbox (75.0pt too wide) in paragraph at lines 790--790
[]\TU/lmtt/m/n/10 ##  [81] 18.75511 24.83941 27.00049 23.06356 27.87863 18.6381
3 16.75083 24.45870[] 
 []


Overfull \hbox (75.0pt too wide) in paragraph at lines 790--790
[]\TU/lmtt/m/n/10 ##  [89] 19.76979 23.40537 21.49970 21.09057 18.48304 18.6425
6 23.66625 28.52046[] 
 []


Overfull \hbox (75.0pt too wide) in paragraph at lines 790--790
[]\TU/lmtt/m/n/10 ##  [97] 18.82317 29.38274 22.55174 26.41338 25.95806 24.8607
8 21.90836 20.61218[] 
 []


Overfull \hbox (75.0pt too wide) in paragraph at lines 790--790
[]\TU/lmtt/m/n/10 ## [105] 25.47680 21.99004 23.06115 20.40581 15.70540 23.3023
2 28.04868 18.26389[] 
 []


Overfull \hbox (75.0pt too wide) in paragraph at lines 790--790
[]\TU/lmtt/m/n/10 ## [113] 30.76203 24.50311 19.17553 25.11028 26.65809 18.8420
3 26.01325 26.79324[] 
 []

[33]
Overfull \hbox (80.25pt too wide) in paragraph at lines 839--839
[]\TU/lmtt/m/n/10 ## $ plots <dbl> 1, 2, 3, 4, 5, 6, 7, 8, 9, 10, 11, 12, 13, 1
4, 15, 16, 17, 18...[] 
 []


Overfull \hbox (80.25pt too wide) in paragraph at lines 839--839
[]\TU/lmtt/m/n/10 ## $ r     <int> 1, 1, 2, 1, 2, 3, 3, 2, 1, 2, 3, 4, 4, 4, 5,
 5, 6, 3, 5, 6, 7...[] 
 []


Overfull \hbox (80.25pt too wide) in paragraph at lines 839--839
[]\TU/lmtt/m/n/10 ## $ treat <chr> "Cont", "Herb1", "Herb1", "Placebo", "Placeb
o", "Placebo", "H...[] 
 []


Overfull \hbox (80.25pt too wide) in paragraph at lines 839--839
[]\TU/lmtt/m/n/10 ## $ obs   <dbl> 25.56702, 23.32992, 23.39985, 21.54529, 20.9
6267, 22.34314, 2...[] 
 []


Overfull \hbox (17.25pt too wide) in paragraph at lines 855--855
[]\TU/lmtt/m/n/10 ## `summarise()` ungrouping output (override with `.groups` a
rgument)[] 
 []

File: Introduction-to-Experimental-Design-and-Analysis_files/figure-latex/unnam
ed-chunk-14-1.pdf Graphic file (type pdf)
<use Introduction-to-Experimental-Design-and-Analysis_files/figure-latex/unname
d-chunk-14-1.pdf>
[34]
File: Introduction-to-Experimental-Design-and-Analysis_files/figure-latex/unnam
ed-chunk-15-1.pdf Graphic file (type pdf)
<use Introduction-to-Experimental-Design-and-Analysis_files/figure-latex/unname
d-chunk-15-1.pdf>
[35] [36] [37] [38] [39]
Overfull \hbox (17.25pt too wide) in paragraph at lines 1129--1129
[]\TU/lmtt/m/n/10 ##                          Estimate Std. Error  t value     
Pr(>|t|)[] 
 []


Overfull \hbox (17.25pt too wide) in paragraph at lines 1129--1129
[]\TU/lmtt/m/n/10 ## treat c=( -1 0.5 0.5 0 ) 5.803375  0.6805605 8.527346 6.48
4593e-14[] 
 []

[40] [41] [42

]
Chapter 6.
[43] [44] [45]
Overfull \hbox (80.25pt too wide) in paragraph at lines 1311--1311
[]\TU/lmtt/m/n/10 ## $ plots <dbl> 11, 12, 13, 14, 21, 22, 23, 24, 31, 32, 33, 
34, 41, 42, 43, 4...[] 
 []


Overfull \hbox (48.75pt too wide) in paragraph at lines 1311--1311
[]\TU/lmtt/m/n/10 ## $ block <fct> 1, 1, 1, 1, 2, 2, 2, 2, 3, 3, 3, 3, 4, 4, 4,
 4, 5, 5, 5, 5[] 
 []


Overfull \hbox (80.25pt too wide) in paragraph at lines 1311--1311
[]\TU/lmtt/m/n/10 ## $ treat <fct> Placebo, Control, Herb2, Herb1, Control, Her
b1, Herb2, Placeb...[] 
 []


Overfull \hbox (80.25pt too wide) in paragraph at lines 1311--1311
[]\TU/lmtt/m/n/10 ## $ obs   <dbl> 31.18707, 31.99603, 41.29937, 41.12746, 21.0
8111, 30.56917, 2...[] 
 []

[46]
Overfull \hbox (17.25pt too wide) in paragraph at lines 1315--1315
[]\TU/lmtt/m/n/10 ## `summarise()` ungrouping output (override with `.groups` a
rgument)[] 
 []

File: Introduction-to-Experimental-Design-and-Analysis_files/figure-latex/unnam
ed-chunk-25-1.pdf Graphic file (type pdf)
<use Introduction-to-Experimental-Design-and-Analysis_files/figure-latex/unname
d-chunk-25-1.pdf>
[47] [48] [49]
File: Introduction-to-Experimental-Design-and-Analysis_files/figure-latex/unnam
ed-chunk-28-1.pdf Graphic file (type pdf)
<use Introduction-to-Experimental-Design-and-Analysis_files/figure-latex/unname
d-chunk-28-1.pdf>
[50] [51] [52

]
Chapter 7.
File: images/lsd.png Graphic file (type bmp)
<images/lsd.png>

Overfull \hbox (241.26344pt too wide) in paragraph at lines 1491--1492
[][] 
 []

[53] [54] [55] [56] [57] [58

]
Chapter 8.
[59]
Overfull \hbox (66.38452pt too wide) has occurred while \output is active
\TU/lmr/m/n/10 60 \TU/lmr/m/sl/10 CHAPTER 8.  DESIGNS FOR TESTING FOR INTERACTI
ONS: FACTORIAL DESIGNS.
 []

[60]
Underfull \hbox (badness 4048) in paragraph at lines 1794--1794
[]\TU/lmr/bx/n/14.4 A Factorial Design and the Two-Way
 []

[61]
Overfull \hbox (66.38452pt too wide) has occurred while \output is active
\TU/lmr/m/n/10 62 \TU/lmr/m/sl/10 CHAPTER 8.  DESIGNS FOR TESTING FOR INTERACTI
ONS: FACTORIAL DESIGNS.
 []

[62] [63]
File: Introduction-to-Experimental-Design-and-Analysis_files/figure-latex/unnam
ed-chunk-42-1.pdf Graphic file (type pdf)
<use Introduction-to-Experimental-Design-and-Analysis_files/figure-latex/unname
d-chunk-42-1.pdf>

Underfull \vbox (badness 10000) has occurred while \output is active []


Overfull \hbox (66.38452pt too wide) has occurred while \output is active
\TU/lmr/m/n/10 64 \TU/lmr/m/sl/10 CHAPTER 8.  DESIGNS FOR TESTING FOR INTERACTI
ONS: FACTORIAL DESIGNS.
 []

[64] [65]
Overfull \hbox (66.38452pt too wide) has occurred while \output is active
\TU/lmr/m/n/10 66 \TU/lmr/m/sl/10 CHAPTER 8.  DESIGNS FOR TESTING FOR INTERACTI
ONS: FACTORIAL DESIGNS.
 []

[66]
File: Introduction-to-Experimental-Design-and-Analysis_files/figure-latex/unnam
ed-chunk-44-1.pdf Graphic file (type pdf)
<use Introduction-to-Experimental-Design-and-Analysis_files/figure-latex/unname
d-chunk-44-1.pdf>
[67]
Overfull \hbox (66.38452pt too wide) has occurred while \output is active
\TU/lmr/m/n/10 68 \TU/lmr/m/sl/10 CHAPTER 8.  DESIGNS FOR TESTING FOR INTERACTI
ONS: FACTORIAL DESIGNS.
 []

[68

]
Chapter 9.
[69] [70]
Chapter 10.
[71

]
File: images/ANCOVA_1.png Graphic file (type bmp)
<images/ANCOVA_1.png>

Overfull \hbox (436.89824pt too wide) in paragraph at lines 2080--2081
[][] 
 []


Underfull \vbox (badness 10000) has occurred while \output is active []


Overfull \hbox (49.82344pt too wide) has occurred while \output is active
\TU/lmr/m/n/10 72 \TU/lmr/m/sl/10 CHAPTER 10.  INTRODUCING THE ANCOVA - THE ANA
LYSIS OF COVARIANCE
 []

[72]
Underfull \vbox (badness 10000) has occurred while \output is active []

[73]
Overfull \hbox (49.82344pt too wide) has occurred while \output is active
\TU/lmr/m/n/10 74 \TU/lmr/m/sl/10 CHAPTER 10.  INTRODUCING THE ANCOVA - THE ANA
LYSIS OF COVARIANCE
 []

[74]
Overfull \hbox (80.25pt too wide) in paragraph at lines 2141--2141
[]\TU/lmtt/m/n/10 ## $ sex    <fct> M, F, F, M, F, M, M, M, M, M, M, F, F, F, F
, F, M, F, M, F, ...[] 
 []


Overfull \hbox (80.25pt too wide) in paragraph at lines 2141--2141
[]\TU/lmtt/m/n/10 ## $ weight <int> 77, 58, 53, 68, 59, 76, 76, 69, 71, 65, 70,
 166, 51, 64, 52,...[] 
 []


Overfull \hbox (80.25pt too wide) in paragraph at lines 2141--2141
[]\TU/lmtt/m/n/10 ## $ height <int> 182, 161, 161, 177, 157, 170, 167, 186, 178
, 171, 175, 57, 1...[] 
 []


Overfull \hbox (80.25pt too wide) in paragraph at lines 2141--2141
[]\TU/lmtt/m/n/10 ## $ repwt  <int> 77, 51, 54, 70, 59, 76, 77, 73, 71, 64, 75,
 56, 52, 64, 57, ...[] 
 []


Overfull \hbox (80.25pt too wide) in paragraph at lines 2141--2141
[]\TU/lmtt/m/n/10 ## $ repht  <int> 180, 159, 158, 175, 155, 165, 165, 180, 175
, 170, 174, 163, ...[] 
 []

File: Introduction-to-Experimental-Design-and-Analysis_files/figure-latex/unnam
ed-chunk-48-1.pdf Graphic file (type pdf)
<use Introduction-to-Experimental-Design-and-Analysis_files/figure-latex/unname
d-chunk-48-1.pdf>
[75]
File: Introduction-to-Experimental-Design-and-Analysis_files/figure-latex/unnam
ed-chunk-49-1.pdf Graphic file (type pdf)
<use Introduction-to-Experimental-Design-and-Analysis_files/figure-latex/unname
d-chunk-49-1.pdf>

Overfull \hbox (49.82344pt too wide) has occurred while \output is active
\TU/lmr/m/n/10 76 \TU/lmr/m/sl/10 CHAPTER 10.  INTRODUCING THE ANCOVA - THE ANA
LYSIS OF COVARIANCE
 []

[76]
File: Introduction-to-Experimental-Design-and-Analysis_files/figure-latex/unnam
ed-chunk-50-1.pdf Graphic file (type pdf)
<use Introduction-to-Experimental-Design-and-Analysis_files/figure-latex/unname
d-chunk-50-1.pdf>
[77]
File: Introduction-to-Experimental-Design-and-Analysis_files/figure-latex/unnam
ed-chunk-52-1.pdf Graphic file (type pdf)
<use Introduction-to-Experimental-Design-and-Analysis_files/figure-latex/unname
d-chunk-52-1.pdf>

Overfull \hbox (49.82344pt too wide) has occurred while \output is active
\TU/lmr/m/n/10 78 \TU/lmr/m/sl/10 CHAPTER 10.  INTRODUCING THE ANCOVA - THE ANA
LYSIS OF COVARIANCE
 []

[78]
File: Introduction-to-Experimental-Design-and-Analysis_files/figure-latex/unnam
ed-chunk-53-1.pdf Graphic file (type pdf)
<use Introduction-to-Experimental-Design-and-Analysis_files/figure-latex/unname
d-chunk-53-1.pdf>
[79]
File: Introduction-to-Experimental-Design-and-Analysis_files/figure-latex/unnam
ed-chunk-53-2.pdf Graphic file (type pdf)
<use Introduction-to-Experimental-Design-and-Analysis_files/figure-latex/unname
d-chunk-53-2.pdf>

Overfull \hbox (49.82344pt too wide) has occurred while \output is active
\TU/lmr/m/n/10 80 \TU/lmr/m/sl/10 CHAPTER 10.  INTRODUCING THE ANCOVA - THE ANA
LYSIS OF COVARIANCE
 []

[80]
File: images/ANCOVA_1.png Graphic file (type bmp)
<images/ANCOVA_1.png>

Overfull \hbox (436.89824pt too wide) in paragraph at lines 2360--2361
[][] 
 []


Underfull \vbox (badness 10000) has occurred while \output is active []

[81]
Underfull \vbox (badness 10000) has occurred while \output is active []


Overfull \hbox (49.82344pt too wide) has occurred while \output is active
\TU/lmr/m/n/10 82 \TU/lmr/m/sl/10 CHAPTER 10.  INTRODUCING THE ANCOVA - THE ANA
LYSIS OF COVARIANCE
 []

[82] [83]
Overfull \hbox (49.82344pt too wide) has occurred while \output is active
\TU/lmr/m/n/10 84 \TU/lmr/m/sl/10 CHAPTER 10.  INTRODUCING THE ANCOVA - THE ANA
LYSIS OF COVARIANCE
 []

[84] [85]
File: Introduction-to-Experimental-Design-and-Analysis_files/figure-latex/unnam
ed-chunk-58-1.pdf Graphic file (type pdf)
<use Introduction-to-Experimental-Design-and-Analysis_files/figure-latex/unname
d-chunk-58-1.pdf>

Overfull \hbox (49.82344pt too wide) has occurred while \output is active
\TU/lmr/m/n/10 86 \TU/lmr/m/sl/10 CHAPTER 10.  INTRODUCING THE ANCOVA - THE ANA
LYSIS OF COVARIANCE
 []

[86] [87]
File: images/GSwithR_Grid.png Graphic file (type bmp)
<images/GSwithR_Grid.png>

Overfull \hbox (364.1255pt too wide) in paragraph at lines 2602--2602
[][] 
 []


LaTeX Warning: Float too large for page by 24.1114pt on input line 2603.


Overfull \hbox (49.82344pt too wide) has occurred while \output is active
\TU/lmr/m/n/10 88 \TU/lmr/m/sl/10 CHAPTER 10.  INTRODUCING THE ANCOVA - THE ANA
LYSIS OF COVARIANCE
 []

[88] [89]
Underfull \hbox (badness 3229) in paragraph at lines 2653--2655
[]\TU/lmr/m/n/10 Have crossed terms \TU/lmtt/m/n/10 weight ~ sex * height \TU/l
mr/m/n/10 which is \TU/lmtt/m/n/10 weight ~ sex +
 []


Overfull \hbox (49.82344pt too wide) has occurred while \output is active
\TU/lmr/m/n/10 90 \TU/lmr/m/sl/10 CHAPTER 10.  INTRODUCING THE ANCOVA - THE ANA
LYSIS OF COVARIANCE
 []

[90]
Chapter 11.
File: Introduction-to-Experimental-Design-and-Analysis_files/figure-latex/unnam
ed-chunk-63-1.pdf Graphic file (type pdf)
<use Introduction-to-Experimental-Design-and-Analysis_files/figure-latex/unname
d-chunk-63-1.pdf>
[91

]
Overfull \hbox (80.25pt too wide) in paragraph at lines 2708--2708
[]\TU/lmtt/m/n/10 ## $ speed <dbl> 4, 4, 7, 7, 8, 9, 10, 10, 10, 11, 11, 12, 12
, 12, 12, 13, 13,...[] 
 []


Overfull \hbox (80.25pt too wide) in paragraph at lines 2708--2708
[]\TU/lmtt/m/n/10 ## $ dist  <dbl> 2, 10, 4, 22, 16, 10, 18, 26, 34, 17, 28, 14
, 20, 24, 28, 26,...[] 
 []

[92]
File: Introduction-to-Experimental-Design-and-Analysis_files/figure-latex/unnam
ed-chunk-65-1.pdf Graphic file (type pdf)
<use Introduction-to-Experimental-Design-and-Analysis_files/figure-latex/unname
d-chunk-65-1.pdf>
File: Introduction-to-Experimental-Design-and-Analysis_files/figure-latex/unnam
ed-chunk-66-1.pdf Graphic file (type pdf)
<use Introduction-to-Experimental-Design-and-Analysis_files/figure-latex/unname
d-chunk-66-1.pdf>

Underfull \vbox (badness 10000) has occurred while \output is active []

[93]
File: Introduction-to-Experimental-Design-and-Analysis_files/figure-latex/unnam
ed-chunk-67-1.pdf Graphic file (type pdf)
<use Introduction-to-Experimental-Design-and-Analysis_files/figure-latex/unname
d-chunk-67-1.pdf>

Underfull \vbox (badness 10000) has occurred while \output is active []

[94] [95]
File: Introduction-to-Experimental-Design-and-Analysis_files/figure-latex/unnam
ed-chunk-69-1.pdf Graphic file (type pdf)
<use Introduction-to-Experimental-Design-and-Analysis_files/figure-latex/unname
d-chunk-69-1.pdf>

Underfull \vbox (badness 10000) has occurred while \output is active []

[96] [97] [98]
File: Introduction-to-Experimental-Design-and-Analysis_files/figure-latex/unnam
ed-chunk-72-1.pdf Graphic file (type pdf)
<use Introduction-to-Experimental-Design-and-Analysis_files/figure-latex/unname
d-chunk-72-1.pdf>

Underfull \hbox (badness 1297) in paragraph at lines 2903--2903
[]\TU/lmr/bx/n/14.4 Anova Tables with multiple explantory
 []


Underfull \hbox (badness 3058) in paragraph at lines 2907--2908
[]\TU/lmr/m/n/10 In our ANCOVA example, the model we fit was \TU/lmtt/m/n/10 lm
(log(weight) ~
 []


Overfull \hbox (1.83002pt too wide) in paragraph at lines 2907--2908
\TU/lmtt/m/n/10 log(height) * sex, data = Davis)\TU/lmr/m/n/10 . We know this e
xpanded to \TU/lmtt/m/n/10 log(height)
 []

[99]
Overfull \hbox (3.48782pt too wide) has occurred while \output is active
\TU/lmr/m/n/10 100 \TU/lmr/m/sl/10 CHAPTER 11.  NONLINEARITIES, POLYNOMIALS AND
 REGRESSION
 []

[100] [101]
File: images/VennModels.pdf Graphic file (type pdf)
<use images/VennModels.pdf>

Overfull \hbox (24.40163pt too wide) in paragraph at lines 3009--3010
[][] 
 []


Underfull \vbox (badness 10000) has occurred while \output is active []


Overfull \hbox (3.48782pt too wide) has occurred while \output is active
\TU/lmr/m/n/10 102 \TU/lmr/m/sl/10 CHAPTER 11.  NONLINEARITIES, POLYNOMIALS AND
 REGRESSION
 []

[102] [103]
File: Introduction-to-Experimental-Design-and-Analysis_files/figure-latex/unnam
ed-chunk-76-1.pdf Graphic file (type pdf)
<use Introduction-to-Experimental-Design-and-Analysis_files/figure-latex/unname
d-chunk-76-1.pdf>

Overfull \hbox (3.48782pt too wide) has occurred while \output is active
\TU/lmr/m/n/10 104 \TU/lmr/m/sl/10 CHAPTER 11.  NONLINEARITIES, POLYNOMIALS AND
 REGRESSION
 []

[104]
Overfull \hbox (64.5pt too wide) in paragraph at lines 3115--3115
[]\TU/lmtt/m/n/10 ## lm(formula = dist ~ speed + I(speed^2) - 1, data = cars, w
eights = 1/speed)[] 
 []

[105]
File: Introduction-to-Experimental-Design-and-Analysis_files/figure-latex/unnam
ed-chunk-77-1.pdf Graphic file (type pdf)
<use Introduction-to-Experimental-Design-and-Analysis_files/figure-latex/unname
d-chunk-77-1.pdf>

Overfull \hbox (3.48782pt too wide) has occurred while \output is active
\TU/lmr/m/n/10 106 \TU/lmr/m/sl/10 CHAPTER 11.  NONLINEARITIES, POLYNOMIALS AND
 REGRESSION
 []

[106] [107]
Overfull \hbox (3.48782pt too wide) has occurred while \output is active
\TU/lmr/m/n/10 108 \TU/lmr/m/sl/10 CHAPTER 11.  NONLINEARITIES, POLYNOMIALS AND
 REGRESSION
 []

[108

]
Chapter 12.
No file Introduction-to-Experimental-Design-and-Analysis.bbl.
[109] (./Introduction-to-Experimental-Design-and-Analysis.aux)
Package rerunfilecheck Info: File `Introduction-to-Experimental-Design-and-Anal
ysis.out' has not changed.
(rerunfilecheck)             Checksum: 2535B057FAA4884A5EDA928FEBF06E1D;8900.
 ) 
Here is how much of TeX's memory you used:
 17584 strings out of 479211
 316209 string characters out of 5874330
 766639 words of memory out of 5000000
 36882 multiletter control sequences out of 15000+600000
 409897 words of font info for 82 fonts, out of 8000000 for 9000
 14 hyphenation exceptions out of 8191
 98i,6n,122p,721b,478s stack positions out of 5000i,500n,10000p,200000b,80000s

Output written on Introduction-to-Experimental-Design-and-Analysis.pdf (109 pag
es).
